<?xml version="1.0" encoding="UTF-8"?>
<!-- Generated by org.testng.reporters.JUnitXMLReporter -->
<testsuite ignored="2" hostname="Vinh" failures="0" tests="1" name="Default test" time="3.964" errors="0" timestamp="2026-05-24T11:01:42 GMT+07:00">
  <testcase classname="tests.PracticeFormTest" name="TC02" time="1.018"/>
  <testcase classname="tests.PracticeFormTest" name="submitDataSuccessfully" time="0.0">
    <ignored/>
  </testcase> <!-- submitDataSuccessfully -->
  <testcase classname="tests.PracticeFormTest" name="submitDataSuccessfully_DataProvider" time="0.0">
    <ignored/>
  </testcase> <!-- submitDataSuccessfully_DataProvider -->
</testsuite> <!-- Default test -->
