<?xml version="1.0" encoding="UTF-8"?>
<testng-results ignored="0" total="2" passed="2" failed="0" skipped="0">
  <reporter-output>
  </reporter-output>
  <suite started-at="2026-05-13T17:21:27 GMT+07:00" name="Default suite" finished-at="2026-05-13T17:21:33 GMT+07:00" duration-ms="6320">
    <groups>
    </groups>
    <test started-at="2026-05-13T17:21:27 GMT+07:00" name="Default test" finished-at="2026-05-13T17:21:33 GMT+07:00" duration-ms="6320">
      <class name="tests.PracticeFormTest">
        <test-method is-config="true" signature="setUp()[pri:0, instance:tests.PracticeFormTest@139982de]" started-at="2026-05-13T17:21:27 GMT+07:00" name="setUp" finished-at="2026-05-13T17:21:30 GMT+07:00" duration-ms="3641" status="PASS">
          <reporter-output>
          </reporter-output>
        </test-method> <!-- setUp -->
        <test-method signature="TC02()[pri:0, instance:tests.PracticeFormTest@139982de]" started-at="2026-05-13T17:21:30 GMT+07:00" name="TC02" finished-at="2026-05-13T17:21:31 GMT+07:00" duration-ms="996" status="PASS">
          <reporter-output>
          </reporter-output>
        </test-method> <!-- TC02 -->
        <test-method signature="submitDataSuccessfully_DataProvider(java.lang.String,java.lang.String,java.lang.String,java.lang.String,java.lang.String,java.lang.String,java.lang.String,java.lang.String,java.lang.String,java.lang.String,java.lang.String,java.lang.String)[pri:0, instance:tests.PracticeFormTest@139982de]" started-at="2026-05-13T17:21:31 GMT+07:00" name="submitDataSuccessfully_DataProvider" data-provider="PracticeForm_TC01" finished-at="2026-05-13T17:21:33 GMT+07:00" duration-ms="1654" status="PASS">
          <params>
            <param index="0">
              <value>
                <![CDATA[Vinh]]>
              </value>
            </param>
            <param index="1">
              <value>
                <![CDATA[Tu]]>
              </value>
            </param>
            <param index="2">
              <value>
                <![CDATA[vinhqt170796@gmail.com]]>
              </value>
            </param>
            <param index="3">
              <value>
                <![CDATA[Female]]>
              </value>
            </param>
            <param index="4">
              <value>
                <![CDATA[0972358327]]>
              </value>
            </param>
            <param index="5">
              <value>
                <![CDATA[17 July 1996]]>
              </value>
            </param>
            <param index="6">
              <value>
                <![CDATA[Maths, English, Chemistry]]>
              </value>
            </param>
            <param index="7">
              <value>
                <![CDATA[Sports, Reading, Music]]>
              </value>
            </param>
            <param index="8">
              <value>
                <![CDATA[UA5A6606.jpg]]>
              </value>
            </param>
            <param index="9">
              <value>
                <![CDATA[Thuong Tin, Ha Noi]]>
              </value>
            </param>
            <param index="10">
              <value>
                <![CDATA[NCR]]>
              </value>
            </param>
            <param index="11">
              <value>
                <![CDATA[Noida]]>
              </value>
            </param>
          </params>
          <reporter-output>
          </reporter-output>
        </test-method> <!-- submitDataSuccessfully_DataProvider -->
      </class> <!-- tests.PracticeFormTest -->
    </test> <!-- Default test -->
  </suite> <!-- Default suite -->
</testng-results>
