<?xml version="1.0" encoding="UTF-8"?>
<!-- Generated by org.testng.reporters.JUnitReportReporter -->
<testsuite hostname="Vinh" failures="0" tests="3" name="tests.PracticeFormTest" time="4.167" errors="0" timestamp="2026-05-16T10:10:02 GMT+07:00" skipped="0">
  <testcase classname="tests.PracticeFormTest" name="TC02" time="0.978"/>
  <testcase classname="tests.PracticeFormTest" name="submitDataSuccessfully" time="1.707"/>
  <testcase classname="tests.PracticeFormTest" name="submitDataSuccessfully_DataProvider" time="1.482"/>
</testsuite> <!-- tests.PracticeFormTest -->
